\BOOKMARK [1][-]{section.1}{Introduction}{}% 1
\BOOKMARK [1][-]{section.2}{Contexte}{}% 2
\BOOKMARK [1][-]{section.3}{Objectif\(s\)}{}% 3
\BOOKMARK [2][-]{subsection.3.1}{Cahier des charges}{section.3}% 4
\BOOKMARK [2][-]{subsection.3.2}{Contraintes}{section.3}% 5
\BOOKMARK [3][-]{subsubsection.3.2.1}{Techniques}{subsection.3.2}% 6
\BOOKMARK [3][-]{subsubsection.3.2.2}{\311conomiques}{subsection.3.2}% 7
\BOOKMARK [3][-]{subsubsection.3.2.3}{Humaines}{subsection.3.2}% 8
\BOOKMARK [2][-]{subsection.3.3}{Mat\351riels disponible}{section.3}% 9
\BOOKMARK [1][-]{section.4}{Solutions}{}% 10
\BOOKMARK [2][-]{subsection.4.1}{Comparaison}{section.4}% 11
\BOOKMARK [2][-]{subsection.4.2}{Mise en \234uvre}{section.4}% 12
\BOOKMARK [3][-]{subsubsection.4.2.1}{Avant de commencer}{subsection.4.2}% 13
\BOOKMARK [3][-]{subsubsection.4.2.2}{Installation}{subsection.4.2}% 14
\BOOKMARK [1][-]{section.5}{D\351ploiement}{}% 15
\BOOKMARK [2][-]{subsection.5.1}{Principe de fonctionnement}{section.5}% 16
\BOOKMARK [2][-]{subsection.5.2}{Outil de d\351ploiement}{section.5}% 17
\BOOKMARK [3][-]{subsubsection.5.2.1}{OCS Inventory NG Agent Deployment Tool}{subsection.5.2}% 18
\BOOKMARK [3][-]{subsubsection.5.2.2}{Via GPO}{subsection.5.2}% 19
\BOOKMARK [2][-]{subsection.5.3}{Interface Web OCS Inventory}{section.5}% 20
\BOOKMARK [2][-]{subsection.5.4}{Scripts}{section.5}% 21
\BOOKMARK [2][-]{subsection.5.5}{D\351ploiement}{section.5}% 22
\BOOKMARK [3][-]{subsubsection.5.5.1}{Cr\351ation}{subsection.5.5}% 23
\BOOKMARK [3][-]{subsubsection.5.5.2}{Activation}{subsection.5.5}% 24
\BOOKMARK [3][-]{subsubsection.5.5.3}{D\351ploiement sur les postes}{subsection.5.5}% 25
\BOOKMARK [1][-]{section.6}{R\351sultat Final}{}% 26
\BOOKMARK [2][-]{subsection.6.1}{Probl\350mes rencontr\351s}{section.6}% 27
\BOOKMARK [1][-]{section.7}{Conclusion}{}% 28
\BOOKMARK [1][-]{section.8}{Comp\351tences Acquises}{}% 29
\BOOKMARK [1][-]{section.9}{Annexes}{}% 30
\BOOKMARK [2][-]{subsection.9.1}{Scripts}{section.9}% 31
\BOOKMARK [2][-]{subsection.9.2}{D\351finitions}{section.9}% 32
\BOOKMARK [1][-]{section.10}{R\351f\351rences}{}% 33
