\BOOKMARK [1][-]{section.1}{Contexte}{}% 1
\BOOKMARK [1][-]{section.2}{Objectif\(s\)}{}% 2
\BOOKMARK [2][-]{subsection.2.1}{Cahier des charges}{section.2}% 3
\BOOKMARK [2][-]{subsection.2.2}{Contraintes}{section.2}% 4
\BOOKMARK [2][-]{subsection.2.3}{Mat\351riels disponible}{section.2}% 5
\BOOKMARK [1][-]{section.3}{Solutions}{}% 6
\BOOKMARK [2][-]{subsection.3.1}{Comparaison}{section.3}% 7
\BOOKMARK [2][-]{subsection.3.2}{Mise en \234uvre}{section.3}% 8
\BOOKMARK [3][-]{subsubsection.3.2.1}{Avant de commencer}{subsection.3.2}% 9
\BOOKMARK [3][-]{subsubsection.3.2.2}{Installation}{subsection.3.2}% 10
\BOOKMARK [1][-]{section.4}{D\351ploiement}{}% 11
\BOOKMARK [2][-]{subsection.4.1}{Principe de fonctionnement}{section.4}% 12
\BOOKMARK [2][-]{subsection.4.2}{Outil de d\351ploiement}{section.4}% 13
\BOOKMARK [3][-]{subsubsection.4.2.1}{OCS Inventory NG Agent Deployment Tool}{subsection.4.2}% 14
\BOOKMARK [3][-]{subsubsection.4.2.2}{Via GPO}{subsection.4.2}% 15
\BOOKMARK [2][-]{subsection.4.3}{Interface Web OCS Inventory}{section.4}% 16
\BOOKMARK [2][-]{subsection.4.4}{Scripts}{section.4}% 17
\BOOKMARK [2][-]{subsection.4.5}{D\351ploiement}{section.4}% 18
\BOOKMARK [3][-]{subsubsection.4.5.1}{Cr\351ation}{subsection.4.5}% 19
\BOOKMARK [3][-]{subsubsection.4.5.2}{Activation}{subsection.4.5}% 20
\BOOKMARK [1][-]{section.5}{R\351sultat Final}{}% 21
\BOOKMARK [2][-]{subsection.5.1}{Probl\350mes rencontr\351s}{section.5}% 22
\BOOKMARK [1][-]{section.6}{Conclusion}{}% 23
\BOOKMARK [1][-]{section.7}{Comp\351tences Acquises}{}% 24
\BOOKMARK [1][-]{section.8}{Annexes}{}% 25
\BOOKMARK [2][-]{subsection.8.1}{Scripts}{section.8}% 26
\BOOKMARK [2][-]{subsection.8.2}{D\351finitions}{section.8}% 27
\BOOKMARK [1][-]{section.9}{R\351f\351rences}{}% 28
